INFO [2022-06-03 23:55:47] $x
INFO [2022-06-03 23:55:47] list(heart_rate_group, sleep_group, activity_group)
INFO [2022-06-03 23:55:47] 
INFO [2022-06-03 23:55:47] $category.names
INFO [2022-06-03 23:55:47] c("steps", "sleep", "heart rate")
INFO [2022-06-03 23:55:47] 
INFO [2022-06-03 23:55:47] $filename
INFO [2022-06-03 23:55:47] [1] "features usage.png"
INFO [2022-06-03 23:55:47] 
INFO [2022-06-03 23:55:47] $output
INFO [2022-06-03 23:55:47] [1] TRUE
INFO [2022-06-03 23:55:47] 
INFO [2022-06-03 23:55:47] $imagetype
INFO [2022-06-03 23:55:47] [1] "png"
INFO [2022-06-03 23:55:47] 
INFO [2022-06-03 23:55:47] $lwd
INFO [2022-06-03 23:55:47] [1] 2
INFO [2022-06-03 23:55:47] 
INFO [2022-06-03 23:55:47] $fill
INFO [2022-06-03 23:55:47] c("skyblue", "pink1", "mediumorchid", "orange")
INFO [2022-06-03 23:55:47] 
INFO [2022-06-03 23:55:47] $cex
INFO [2022-06-03 23:55:47] [1] 1
INFO [2022-06-03 23:55:47] 
INFO [2022-06-03 23:55:47] $fontface
INFO [2022-06-03 23:55:47] [1] "bold"
INFO [2022-06-03 23:55:47] 
INFO [2022-06-03 23:55:47] $fontfamily
INFO [2022-06-03 23:55:47] [1] "sans"
INFO [2022-06-03 23:55:47] 
INFO [2022-06-03 23:55:47] $cat.cex
INFO [2022-06-03 23:55:47] [1] 0.7
INFO [2022-06-03 23:55:47] 
INFO [2022-06-03 23:55:47] $cat.fontface
INFO [2022-06-03 23:55:47] [1] "bold"
INFO [2022-06-03 23:55:47] 
INFO [2022-06-03 23:55:47] $cat.default.pos
INFO [2022-06-03 23:55:47] [1] "outer"
INFO [2022-06-03 23:55:47] 
INFO [2022-06-03 23:55:47] $cat.fontfamily
INFO [2022-06-03 23:55:47] [1] "sans"
INFO [2022-06-03 23:55:47] 
ERROR [2022-06-03 23:55:47] Unexpected parameter length for "fill"
