INFO [2022-06-03 23:58:38] $x
INFO [2022-06-03 23:58:38] list(heart_rate_group, sleep_group, activity_group)
INFO [2022-06-03 23:58:38] 
INFO [2022-06-03 23:58:38] $category.names
INFO [2022-06-03 23:58:38] c("steps", "sleep", "heart rate")
INFO [2022-06-03 23:58:38] 
INFO [2022-06-03 23:58:38] $filename
INFO [2022-06-03 23:58:38] [1] "features usage.png"
INFO [2022-06-03 23:58:38] 
INFO [2022-06-03 23:58:38] $output
INFO [2022-06-03 23:58:38] [1] TRUE
INFO [2022-06-03 23:58:38] 
INFO [2022-06-03 23:58:38] $imagetype
INFO [2022-06-03 23:58:38] [1] "png"
INFO [2022-06-03 23:58:38] 
INFO [2022-06-03 23:58:38] $lwd
INFO [2022-06-03 23:58:38] [1] 2
INFO [2022-06-03 23:58:38] 
INFO [2022-06-03 23:58:38] $fill
INFO [2022-06-03 23:58:38] c("skyblue", "mediumorchid", "orange")
INFO [2022-06-03 23:58:38] 
INFO [2022-06-03 23:58:38] $cex
INFO [2022-06-03 23:58:38] [1] 1
INFO [2022-06-03 23:58:38] 
INFO [2022-06-03 23:58:38] $fontface
INFO [2022-06-03 23:58:38] [1] "bold"
INFO [2022-06-03 23:58:38] 
INFO [2022-06-03 23:58:38] $fontfamily
INFO [2022-06-03 23:58:38] [1] "sans"
INFO [2022-06-03 23:58:38] 
INFO [2022-06-03 23:58:38] $cat.cex
INFO [2022-06-03 23:58:38] [1] 0.7
INFO [2022-06-03 23:58:38] 
INFO [2022-06-03 23:58:38] $cat.fontface
INFO [2022-06-03 23:58:38] [1] "bold"
INFO [2022-06-03 23:58:38] 
INFO [2022-06-03 23:58:38] $cat.default.pos
INFO [2022-06-03 23:58:38] [1] "outer"
INFO [2022-06-03 23:58:38] 
INFO [2022-06-03 23:58:38] $cat.fontfamily
INFO [2022-06-03 23:58:38] [1] "sans"
INFO [2022-06-03 23:58:38] 
